Using pre-set license
Built from '2021.3/staging' branch; Version is '2021.3.21f1 (1b156197d683) revision 1774945'; Using compiler version '192829333'; Build Type 'Release'
OS: 'Windows 10  (10.0.19045) 64bit CoreSingleLanguage' Language: 'en' Physical Memory: 8039 MB
BatchMode: 1, IsHumanControllingUs: 0, StartBugReporterOnCrash: 0, Is64bit: 1, IsPro: 1

COMMAND LINE ARGUMENTS:
D:\Studio\Unity_editor\2021.3.21f1\Editor\Unity.exe
-adb2
-batchMode
-noUpm
-name
AssetImportWorker0
-projectPath
D:/Kuliah project/SEMESTER IV/GAMEDEV/Test/GODAM
-logFile
Logs/AssetImportWorker0.log
-srvPort
64997
Successfully changed project path to: D:/Kuliah project/SEMESTER IV/GAMEDEV/Test/GODAM
D:/Kuliah project/SEMESTER IV/GAMEDEV/Test/GODAM
[UnityMemory] Configuration Parameters - Can be set up in boot.config
    "memorysetup-bucket-allocator-granularity=16"
    "memorysetup-bucket-allocator-bucket-count=8"
    "memorysetup-bucket-allocator-block-size=33554432"
    "memorysetup-bucket-allocator-block-count=8"
    "memorysetup-main-allocator-block-size=16777216"
    "memorysetup-thread-allocator-block-size=16777216"
    "memorysetup-gfx-main-allocator-block-size=16777216"
    "memorysetup-gfx-thread-allocator-block-size=16777216"
    "memorysetup-cache-allocator-block-size=4194304"
    "memorysetup-typetree-allocator-block-size=2097152"
    "memorysetup-profiler-bucket-allocator-granularity=16"
    "memorysetup-profiler-bucket-allocator-bucket-count=8"
    "memorysetup-profiler-bucket-allocator-block-size=33554432"
    "memorysetup-profiler-bucket-allocator-block-count=8"
    "memorysetup-profiler-allocator-block-size=16777216"
    "memorysetup-profiler-editor-allocator-block-size=1048576"
    "memorysetup-temp-allocator-size-main=16777216"
    "memorysetup-job-temp-allocator-block-size=2097152"
    "memorysetup-job-temp-allocator-block-size-background=1048576"
    "memorysetup-job-temp-allocator-reduction-small-platforms=262144"
    "memorysetup-temp-allocator-size-background-worker=32768"
    "memorysetup-temp-allocator-size-job-worker=262144"
    "memorysetup-temp-allocator-size-preload-manager=33554432"
    "memorysetup-temp-allocator-size-nav-mesh-worker=65536"
    "memorysetup-temp-allocator-size-audio-worker=65536"
    "memorysetup-temp-allocator-size-cloud-worker=32768"
    "memorysetup-temp-allocator-size-gi-baking-worker=262144"
    "memorysetup-temp-allocator-size-gfx=262144"
Player connection [21316] Host "[IP] 192.168.0.107 [Port] 0 [Flags] 2 [Guid] 3187238520 [EditorId] 3187238520 [Version] 1048832 [Id] WindowsEditor(7,MSI) [Debug] 1 [PackageName] WindowsEditor [ProjectName] Editor" joined multi-casting on [225.0.0.222:54997]...

Player connection [21316] Host "[IP] 192.168.0.107 [Port] 0 [Flags] 2 [Guid] 3187238520 [EditorId] 3187238520 [Version] 1048832 [Id] WindowsEditor(7,MSI) [Debug] 1 [PackageName] WindowsEditor [ProjectName] Editor" joined alternative multi-casting on [225.0.0.222:34997]...

Refreshing native plugins compatible for Editor in 108.67 ms, found 3 plugins.
Preloading 0 native plugins for Editor in 0.00 ms.
Initialize engine version: 2021.3.21f1 (1b156197d683)
[Subsystems] Discovering subsystems at path D:/Studio/Unity_editor/2021.3.21f1/Editor/Data/Resources/UnitySubsystems
[Subsystems] Discovering subsystems at path D:/Kuliah project/SEMESTER IV/GAMEDEV/Test/GODAM/Assets
GfxDevice: creating device client; threaded=0; jobified=0
Direct3D:
    Version:  Direct3D 11.0 [level 11.1]
    Renderer: NVIDIA GeForce GTX 1050 Ti (ID=0x1c8f)
    Vendor:   NVIDIA
    VRAM:     4019 MB
    Driver:   31.0.15.2824
Initialize mono
Mono path[0] = 'D:/Studio/Unity_editor/2021.3.21f1/Editor/Data/Managed'
Mono path[1] = 'D:/Studio/Unity_editor/2021.3.21f1/Editor/Data/MonoBleedingEdge/lib/mono/unityjit-win32'
Mono config path = 'D:/Studio/Unity_editor/2021.3.21f1/Editor/Data/MonoBleedingEdge/etc'
Using monoOptions --debugger-agent=transport=dt_socket,embedding=1,server=y,suspend=n,address=127.0.0.1:56828
Begin MonoManager ReloadAssembly
Registering precompiled unity dll's ...
Register platform support module: D:/Studio/Unity_editor/2021.3.21f1/Editor/Data/PlaybackEngines/WindowsStandaloneSupport/UnityEditor.WindowsStandalone.Extensions.dll
Registered in 0.005925 seconds.
Native extension for WindowsStandalone target not found
Refreshing native plugins compatible for Editor in 106.10 ms, found 3 plugins.
Preloading 0 native plugins for Editor in 0.00 ms.
Mono: successfully reloaded assembly
- Completed reload, in  0.979 seconds
Domain Reload Profiling:
	ReloadAssembly (980ms)
		BeginReloadAssembly (224ms)
			ExecutionOrderSort (0ms)
			DisableScriptedObjects (0ms)
			BackupInstance (0ms)
			ReleaseScriptingObjects (0ms)
			CreateAndSetChildDomain (1ms)
		EndReloadAssembly (624ms)
			LoadAssemblies (223ms)
			RebuildTransferFunctionScriptingTraits (0ms)
			SetupTypeCache (165ms)
			ReleaseScriptCaches (0ms)
			RebuildScriptCaches (43ms)
			SetupLoadedEditorAssemblies (356ms)
				LogAssemblyErrors (0ms)
				InitializePlatformSupportModulesInManaged (9ms)
				SetLoadedEditorAssemblies (0ms)
				RefreshPlugins (106ms)
				BeforeProcessingInitializeOnLoad (1ms)
				ProcessInitializeOnLoadAttributes (179ms)
				ProcessInitializeOnLoadMethodAttributes (60ms)
				AfterProcessingInitializeOnLoad (0ms)
				EditorAssembliesLoaded (0ms)
			ExecutionOrderSort2 (0ms)
			AwakeInstancesAfterBackupRestoration (0ms)
Platform modules already initialized, skipping
Registering precompiled user dll's ...
Registered in 0.023648 seconds.
Begin MonoManager ReloadAssembly
Symbol file LoadedFromMemory doesn't match image D:\Kuliah project\SEMESTER IV\GAMEDEV\Test\GODAM\Library\PackageCache\com.unity.visualscripting@1.8.0\Editor\VisualScripting.Core\Dependencies\YamlDotNet\Unity.VisualScripting.YamlDotNet.dll
Symbol file LoadedFromMemory doesn't match image D:\Kuliah project\SEMESTER IV\GAMEDEV\Test\GODAM\Library\PackageCache\com.unity.visualscripting@1.8.0\Editor\VisualScripting.Core\Dependencies\DotNetZip\Unity.VisualScripting.IonicZip.dll
Native extension for WindowsStandalone target not found
Refreshing native plugins compatible for Editor in 0.56 ms, found 3 plugins.
Preloading 0 native plugins for Editor in 0.00 ms.
Mono: successfully reloaded assembly
- Completed reload, in  1.150 seconds
Domain Reload Profiling:
	ReloadAssembly (1151ms)
		BeginReloadAssembly (149ms)
			ExecutionOrderSort (0ms)
			DisableScriptedObjects (6ms)
			BackupInstance (0ms)
			ReleaseScriptingObjects (0ms)
			CreateAndSetChildDomain (29ms)
		EndReloadAssembly (875ms)
			LoadAssemblies (187ms)
			RebuildTransferFunctionScriptingTraits (0ms)
			SetupTypeCache (283ms)
			ReleaseScriptCaches (1ms)
			RebuildScriptCaches (50ms)
			SetupLoadedEditorAssemblies (352ms)
				LogAssemblyErrors (0ms)
				InitializePlatformSupportModulesInManaged (4ms)
				SetLoadedEditorAssemblies (0ms)
				RefreshPlugins (1ms)
				BeforeProcessingInitializeOnLoad (81ms)
				ProcessInitializeOnLoadAttributes (241ms)
				ProcessInitializeOnLoadMethodAttributes (20ms)
				AfterProcessingInitializeOnLoad (5ms)
				EditorAssembliesLoaded (0ms)
			ExecutionOrderSort2 (0ms)
			AwakeInstancesAfterBackupRestoration (6ms)
Platform modules already initialized, skipping
========================================================================
Worker process is ready to serve import requests
Launched and connected shader compiler UnityShaderCompiler.exe after 0.08 seconds
Refreshing native plugins compatible for Editor in 1.40 ms, found 3 plugins.
Preloading 0 native plugins for Editor in 0.00 ms.
Unloading 3068 Unused Serialized files (Serialized files now loaded: 0)
Unloading 23 unused Assets / (88.9 KB). Loaded Objects now: 3556.
Memory consumption went from 129.1 MB to 129.0 MB.
Total: 3.637000 ms (FindLiveObjects: 0.436900 ms CreateObjectMapping: 0.230200 ms MarkObjects: 2.821200 ms  DeleteObjects: 0.147700 ms)

AssetImportParameters requested are different than current active one (requested -> active):
  custom:video-decoder-ogg-theora: a1e56fd34408186e4bbccfd4996cb3dc -> 
  custom:container-muxer-webm: aa71ff27fc2769a1b78a27578f13a17b -> 
  custom:container-demuxer-webm: 4f35f7cbe854078d1ac9338744f61a02 -> 
  custom:video-encoder-webm-vp8: eb34c28f22e8b96e1ab97ce403110664 -> 
  custom:audio-encoder-webm-vorbis: bf7c407c2cedff20999df2af8eb42d56 -> 
  custom:framework-win-MediaFoundation: 216162199b28c13a410421893ffa2e32 -> 
  custom:container-demuxer-ogg: 62fdf1f143b41e24485cea50d1cbac27 -> 
  custom:video-decoder-webm-vp8: 9c59270c3fd7afecdb556c50c9e8de78 -> 
  custom:audio-decoder-ogg-vorbis: bf7c407c2cedff20999df2af8eb42d56 -> 
========================================================================
Received Import Request.
  Time since last request: 641836.630367 seconds.
  path: Assets/BathroomPack/Materials/Sink.mat
  artifactKey: Guid(f2499f811bb2fa74b8166f7c16bc0b45) Importer(815301076,1909f56bfc062723c751e8b465ee728b)
Start importing Assets/BathroomPack/Materials/Sink.mat using Guid(f2499f811bb2fa74b8166f7c16bc0b45) Importer(815301076,1909f56bfc062723c751e8b465ee728b)  -> (artifact id: '23dfa09f5daa5483bf0417589058e031') in 0.226375 seconds 
========================================================================
Received Import Request.
  Time since last request: 0.000068 seconds.
  path: Assets/Furniture/Source/Materials/fotel2_BaseColor.mat
  artifactKey: Guid(5f8bd68770af8084bad71e5e368e73d3) Importer(815301076,1909f56bfc062723c751e8b465ee728b)
Start importing Assets/Furniture/Source/Materials/fotel2_BaseColor.mat using Guid(5f8bd68770af8084bad71e5e368e73d3) Importer(815301076,1909f56bfc062723c751e8b465ee728b)  -> (artifact id: 'ee41f2d41fd6ab78a139b72fb93d7c0d') in 0.113371 seconds 
========================================================================
Received Import Request.
  Time since last request: 0.000165 seconds.
  path: Assets/Furniture/Source/Materials/3Seat_BaseColor.mat
  artifactKey: Guid(e286cf7166a64d9449570f485ef91be8) Importer(815301076,1909f56bfc062723c751e8b465ee728b)
Start importing Assets/Furniture/Source/Materials/3Seat_BaseColor.mat using Guid(e286cf7166a64d9449570f485ef91be8) Importer(815301076,1909f56bfc062723c751e8b465ee728b)  -> (artifact id: '51ff7d39f2aa5f769fdcb204710a323a') in 0.097840 seconds 
========================================================================
Received Import Request.
  Time since last request: 0.000069 seconds.
  path: Assets/Furniture/Source/Materials/closet3_BaseColor.mat
  artifactKey: Guid(3028c5f4db726d04c9cf801f6a720670) Importer(815301076,1909f56bfc062723c751e8b465ee728b)
Start importing Assets/Furniture/Source/Materials/closet3_BaseColor.mat using Guid(3028c5f4db726d04c9cf801f6a720670) Importer(815301076,1909f56bfc062723c751e8b465ee728b)  -> (artifact id: 'e7514dd9431be3b18e5067c9e037f84a') in 0.078200 seconds 
========================================================================
Received Import Request.
  Time since last request: 0.000032 seconds.
  path: Assets/RawWoodenFurnitureFree/Materials/Table01matV2.mat
  artifactKey: Guid(4d47e1a3163646541bbe77c7ce6d4899) Importer(815301076,1909f56bfc062723c751e8b465ee728b)
Start importing Assets/RawWoodenFurnitureFree/Materials/Table01matV2.mat using Guid(4d47e1a3163646541bbe77c7ce6d4899) Importer(815301076,1909f56bfc062723c751e8b465ee728b)  -> (artifact id: '5e1a57adfea3fcad87a9ab5dc216ba49') in 0.028569 seconds 
========================================================================
Received Import Request.
  Time since last request: 0.000620 seconds.
  path: Assets/BathroomPack/Materials/Shelf.mat
  artifactKey: Guid(4f95935dda0873d45b0a0fe920abee79) Importer(815301076,1909f56bfc062723c751e8b465ee728b)
Start importing Assets/BathroomPack/Materials/Shelf.mat using Guid(4f95935dda0873d45b0a0fe920abee79) Importer(815301076,1909f56bfc062723c751e8b465ee728b)  -> (artifact id: '7ead1cbdd1108490a8dd34234ba0133a') in 0.108534 seconds 
========================================================================
Received Import Request.
  Time since last request: 0.000055 seconds.
  path: Assets/Old Cabinet/Materials/M_cabinet.mat
  artifactKey: Guid(98012d1931461924d848b05c6f03d1d2) Importer(815301076,1909f56bfc062723c751e8b465ee728b)
Start importing Assets/Old Cabinet/Materials/M_cabinet.mat using Guid(98012d1931461924d848b05c6f03d1d2) Importer(815301076,1909f56bfc062723c751e8b465ee728b)  -> (artifact id: 'e026e09e0d22dfbc22e6caedad9ec07c') in 0.092452 seconds 
========================================================================
Received Import Request.
  Time since last request: 0.000067 seconds.
  path: Assets/RawWoodenFurnitureFree/Materials/Stool01matV1.mat
  artifactKey: Guid(29a7f572b87277e47a3903d896453dca) Importer(815301076,1909f56bfc062723c751e8b465ee728b)
Start importing Assets/RawWoodenFurnitureFree/Materials/Stool01matV1.mat using Guid(29a7f572b87277e47a3903d896453dca) Importer(815301076,1909f56bfc062723c751e8b465ee728b)  -> (artifact id: '5eb3388a987892fb00152ba91a2914ca') in 0.030370 seconds 
========================================================================
Received Import Request.
  Time since last request: 0.000058 seconds.
  path: Assets/RawWoodenFurnitureFree/Materials/planeDemo.mat
  artifactKey: Guid(738e69b7d269e1d4ebb32227acf74f1b) Importer(815301076,1909f56bfc062723c751e8b465ee728b)
Start importing Assets/RawWoodenFurnitureFree/Materials/planeDemo.mat using Guid(738e69b7d269e1d4ebb32227acf74f1b) Importer(815301076,1909f56bfc062723c751e8b465ee728b)  -> (artifact id: 'd85642e3d6a0ca2aaaa131177e516464') in 0.029098 seconds 
========================================================================
Received Import Request.
  Time since last request: 0.000050 seconds.
  path: Assets/Furniture/Source/Materials/2Seat_BaseColor.mat
  artifactKey: Guid(79764e7ca9884494cbe558b2bdb1d30b) Importer(815301076,1909f56bfc062723c751e8b465ee728b)
Start importing Assets/Furniture/Source/Materials/2Seat_BaseColor.mat using Guid(79764e7ca9884494cbe558b2bdb1d30b) Importer(815301076,1909f56bfc062723c751e8b465ee728b)  -> (artifact id: 'a1ed4f59a6522364610a19a87e3100f8') in 0.085487 seconds 
========================================================================
Received Import Request.
  Time since last request: 0.000068 seconds.
  path: Assets/Rust Key/Materials/rust_key_autodesk.mat
  artifactKey: Guid(1a7c6b13b8983fa4bbfb1dbfbb5fef57) Importer(815301076,1909f56bfc062723c751e8b465ee728b)
Start importing Assets/Rust Key/Materials/rust_key_autodesk.mat using Guid(1a7c6b13b8983fa4bbfb1dbfbb5fef57) Importer(815301076,1909f56bfc062723c751e8b465ee728b)  -> (artifact id: '780d1d5ceb0346c8c66cb4cb9c7958fe') in 0.129455 seconds 
========================================================================
Received Import Request.
  Time since last request: 0.000109 seconds.
  path: Assets/One-Click_Wall_Materials/Materials/grunge11_D.mat
  artifactKey: Guid(6c6bfcd2622fe5c40b6092aee03e9c83) Importer(815301076,1909f56bfc062723c751e8b465ee728b)
Start importing Assets/One-Click_Wall_Materials/Materials/grunge11_D.mat using Guid(6c6bfcd2622fe5c40b6092aee03e9c83) Importer(815301076,1909f56bfc062723c751e8b465ee728b)  -> (artifact id: '6512ed5f9a8360d28ec305a0ef50d3ee') in 0.042112 seconds 
========================================================================
Received Import Request.
  Time since last request: 0.000061 seconds.
  path: Assets/Furniture/Source/Materials/closet_BaseColor.mat
  artifactKey: Guid(f6a97756ab140494c88bc5f4aac12a1f) Importer(815301076,1909f56bfc062723c751e8b465ee728b)
Start importing Assets/Furniture/Source/Materials/closet_BaseColor.mat using Guid(f6a97756ab140494c88bc5f4aac12a1f) Importer(815301076,1909f56bfc062723c751e8b465ee728b)  -> (artifact id: 'd58c8a6acd226fe9f2f92afd9b7137c6') in 0.086833 seconds 
========================================================================
Received Import Request.
  Time since last request: 0.000053 seconds.
  path: Assets/Old Cabinet/Materials/T_cabinet_MetallicSmoothness.mat
  artifactKey: Guid(6b36c338cbe6680469d7e052bb3e4351) Importer(815301076,1909f56bfc062723c751e8b465ee728b)
Start importing Assets/Old Cabinet/Materials/T_cabinet_MetallicSmoothness.mat using Guid(6b36c338cbe6680469d7e052bb3e4351) Importer(815301076,1909f56bfc062723c751e8b465ee728b)  -> (artifact id: '276dc17cc6ca5924eb7392458ba18f1d') in 0.047735 seconds 
========================================================================
Received Import Request.
  Time since last request: 0.000052 seconds.
  path: Assets/Rust Key/Materials/rust_key_Albedo.mat
  artifactKey: Guid(5602c5b16eaa47241b14c0b54b8a595f) Importer(815301076,1909f56bfc062723c751e8b465ee728b)
Start importing Assets/Rust Key/Materials/rust_key_Albedo.mat using Guid(5602c5b16eaa47241b14c0b54b8a595f) Importer(815301076,1909f56bfc062723c751e8b465ee728b)  -> (artifact id: '62a04de9ac1177e0e7bc1c0d2963ce43') in 0.426705 seconds 
========================================================================
Received Import Request.
  Time since last request: 0.000037 seconds.
  path: Assets/RawWoodenFurnitureFree/Materials/Stool01_albedoV1.mat
  artifactKey: Guid(b222b400968e9e649abc4d36dbeaef73) Importer(815301076,1909f56bfc062723c751e8b465ee728b)
Start importing Assets/RawWoodenFurnitureFree/Materials/Stool01_albedoV1.mat using Guid(b222b400968e9e649abc4d36dbeaef73) Importer(815301076,1909f56bfc062723c751e8b465ee728b)  -> (artifact id: 'fa0f7ec2156b1d07713c1604efde4311') in 0.009467 seconds 
========================================================================
Received Import Request.
  Time since last request: 0.000083 seconds.
  path: Assets/StarterAssets/Environment/Art/Models/Structure_Mesh.fbx
  artifactKey: Guid(d0a9bfb4b5f28174884e89dd76563ae8) Importer(815301076,1909f56bfc062723c751e8b465ee728b)
Start importing Assets/StarterAssets/Environment/Art/Models/Structure_Mesh.fbx using Guid(d0a9bfb4b5f28174884e89dd76563ae8) Importer(815301076,1909f56bfc062723c751e8b465ee728b)  -> (artifact id: '98f78a219937e4e88bccc387314c7960') in 0.120826 seconds 
========================================================================
Received Import Request.
  Time since last request: 0.000045 seconds.
  path: Assets/Free/Wooden Floor Pack/Textures/Wooden Floor4/Materials/Wooden Floor4_4K_Albedo.mat
  artifactKey: Guid(2879e270bf7430e419e54a39030be511) Importer(815301076,1909f56bfc062723c751e8b465ee728b)
Start importing Assets/Free/Wooden Floor Pack/Textures/Wooden Floor4/Materials/Wooden Floor4_4K_Albedo.mat using Guid(2879e270bf7430e419e54a39030be511) Importer(815301076,1909f56bfc062723c751e8b465ee728b)  -> (artifact id: 'ecebe9a18fedb1bab2dd0607cf250cea') in 0.023285 seconds 
========================================================================
Received Import Request.
  Time since last request: 0.000051 seconds.
  path: Assets/Furniture/Source/Materials/closet2_BaseColor.mat
  artifactKey: Guid(22745fe35ff3d3a4491bedbd8f6e49b5) Importer(815301076,1909f56bfc062723c751e8b465ee728b)
Start importing Assets/Furniture/Source/Materials/closet2_BaseColor.mat using Guid(22745fe35ff3d3a4491bedbd8f6e49b5) Importer(815301076,1909f56bfc062723c751e8b465ee728b)  -> (artifact id: '6a56b6e54c615f2657f7294f692e984c') in 0.095167 seconds 
========================================================================
Received Import Request.
  Time since last request: 0.000051 seconds.
  path: Assets/One-Click_Wall_Materials/Materials/Wall16.mat
  artifactKey: Guid(a8c7e5fac4487d945a533c17a345f29d) Importer(815301076,1909f56bfc062723c751e8b465ee728b)
Start importing Assets/One-Click_Wall_Materials/Materials/Wall16.mat using Guid(a8c7e5fac4487d945a533c17a345f29d) Importer(815301076,1909f56bfc062723c751e8b465ee728b)  -> (artifact id: 'e177fc43df1b6d9d4f4092c5f7617845') in 0.050666 seconds 
========================================================================
Received Import Request.
  Time since last request: 0.000070 seconds.
  path: Assets/One-Click_Wall_Materials/Materials/grunge10.mat
  artifactKey: Guid(be03b579beffff747bf9fd943df2c8ce) Importer(815301076,1909f56bfc062723c751e8b465ee728b)
Start importing Assets/One-Click_Wall_Materials/Materials/grunge10.mat using Guid(be03b579beffff747bf9fd943df2c8ce) Importer(815301076,1909f56bfc062723c751e8b465ee728b)  -> (artifact id: 'f664c731d2249c55ee92e4783fb4eb0a') in 0.026360 seconds 
========================================================================
Received Import Request.
  Time since last request: 0.000028 seconds.
  path: Assets/Furniture Models/Chair/ChairMaterial.mat
  artifactKey: Guid(50d5fab83da9a54478bd20bb28df67e6) Importer(815301076,1909f56bfc062723c751e8b465ee728b)
Start importing Assets/Furniture Models/Chair/ChairMaterial.mat using Guid(50d5fab83da9a54478bd20bb28df67e6) Importer(815301076,1909f56bfc062723c751e8b465ee728b)  -> (artifact id: '130a88e1ec7831de8098112cbf32c258') in 0.105676 seconds 
========================================================================
Received Import Request.
  Time since last request: 0.000033 seconds.
  path: Assets/Free/Wooden Floor Pack/Materials/Wooden Floor 2.mat
  artifactKey: Guid(7e57d6bb6a6a1b74795062b56af48f40) Importer(815301076,1909f56bfc062723c751e8b465ee728b)
Start importing Assets/Free/Wooden Floor Pack/Materials/Wooden Floor 2.mat using Guid(7e57d6bb6a6a1b74795062b56af48f40) Importer(815301076,1909f56bfc062723c751e8b465ee728b)  -> (artifact id: 'd7fc0f0bd37b40ff9e39aa2f3aa57f75') in 0.093200 seconds 
========================================================================
Received Import Request.
  Time since last request: 0.000051 seconds.
  path: Assets/One-Click_Wall_Materials/Materials/Wall17.mat
  artifactKey: Guid(6d0778b04b1a87c4cbcddf0eec862293) Importer(815301076,1909f56bfc062723c751e8b465ee728b)
Start importing Assets/One-Click_Wall_Materials/Materials/Wall17.mat using Guid(6d0778b04b1a87c4cbcddf0eec862293) Importer(815301076,1909f56bfc062723c751e8b465ee728b)  -> (artifact id: '30a0b5378af5ab3798204e33635bea2b') in 0.050923 seconds 
========================================================================
Received Import Request.
  Time since last request: 0.000024 seconds.
  path: Assets/Free/Wooden Floor Pack/Textures/Wooden Floor3/Materials/Wooden Floor3_4K_Albedo.mat
  artifactKey: Guid(49a4c269a1daca34e806c17b38bc7885) Importer(815301076,1909f56bfc062723c751e8b465ee728b)
Start importing Assets/Free/Wooden Floor Pack/Textures/Wooden Floor3/Materials/Wooden Floor3_4K_Albedo.mat using Guid(49a4c269a1daca34e806c17b38bc7885) Importer(815301076,1909f56bfc062723c751e8b465ee728b)  -> (artifact id: '7fbbb637438dfb6983fabf728a83b943') in 0.023901 seconds 
========================================================================
Received Import Request.
  Time since last request: 0.000028 seconds.
  path: Assets/Furniture/Source/Materials/chair_chair_Albedo.mat
  artifactKey: Guid(d1fba8d3d1a677745a1ef3d5c474f69c) Importer(815301076,1909f56bfc062723c751e8b465ee728b)
Start importing Assets/Furniture/Source/Materials/chair_chair_Albedo.mat using Guid(d1fba8d3d1a677745a1ef3d5c474f69c) Importer(815301076,1909f56bfc062723c751e8b465ee728b)  -> (artifact id: '2dae21b0bf6e66bdc0d6bc4e0cc2d6db') in 0.088969 seconds 
========================================================================
Received Import Request.
  Time since last request: 0.000026 seconds.
  path: Assets/Free/Wooden Floor Pack/Textures/Wooden Floor2/Materials/Wooden Floor2_4K_Roughness.mat
  artifactKey: Guid(f69a0029a56a5654a98e93b3c2efaa12) Importer(815301076,1909f56bfc062723c751e8b465ee728b)
Start importing Assets/Free/Wooden Floor Pack/Textures/Wooden Floor2/Materials/Wooden Floor2_4K_Roughness.mat using Guid(f69a0029a56a5654a98e93b3c2efaa12) Importer(815301076,1909f56bfc062723c751e8b465ee728b)  -> (artifact id: 'd989d64851555e41bcd4f15bb5e34214') in 0.021098 seconds 
========================================================================
Received Import Request.
  Time since last request: 0.000031 seconds.
  path: Assets/One-Click_Wall_Materials/Materials/Wall14.mat
  artifactKey: Guid(dc09aa0129d0faf4fa7cbe5ba0635615) Importer(815301076,1909f56bfc062723c751e8b465ee728b)
Start importing Assets/One-Click_Wall_Materials/Materials/Wall14.mat using Guid(dc09aa0129d0faf4fa7cbe5ba0635615) Importer(815301076,1909f56bfc062723c751e8b465ee728b)  -> (artifact id: '54fa8c5aa8c6f83dc880388341d280d3') in 0.075282 seconds 
========================================================================
Received Import Request.
  Time since last request: 0.000032 seconds.
  path: Assets/One-Click_Wall_Materials/Materials/Wall8.mat
  artifactKey: Guid(31d666d3ae974414382fd5b22d523ad8) Importer(815301076,1909f56bfc062723c751e8b465ee728b)
Start importing Assets/One-Click_Wall_Materials/Materials/Wall8.mat using Guid(31d666d3ae974414382fd5b22d523ad8) Importer(815301076,1909f56bfc062723c751e8b465ee728b)  -> (artifact id: '29629ab81b644de1052ea8c4cfde4e9c') in 0.051337 seconds 
========================================================================
Received Import Request.
  Time since last request: 0.000044 seconds.
  path: Assets/Furniture/Source/Materials/2SeatD_BaseColor.mat
  artifactKey: Guid(ccba79b675706c24b9844d369f23ade1) Importer(815301076,1909f56bfc062723c751e8b465ee728b)
Start importing Assets/Furniture/Source/Materials/2SeatD_BaseColor.mat using Guid(ccba79b675706c24b9844d369f23ade1) Importer(815301076,1909f56bfc062723c751e8b465ee728b)  -> (artifact id: '4f644c30c1d75b60746e918facfaad16') in 0.088598 seconds 
========================================================================
Received Import Request.
  Time since last request: 0.000033 seconds.
  path: Assets/One-Click_Wall_Materials/Materials/Wall2.mat
  artifactKey: Guid(51a4a99f799f4fb4ba44393804925f9a) Importer(815301076,1909f56bfc062723c751e8b465ee728b)
Start importing Assets/One-Click_Wall_Materials/Materials/Wall2.mat using Guid(51a4a99f799f4fb4ba44393804925f9a) Importer(815301076,1909f56bfc062723c751e8b465ee728b)  -> (artifact id: '51f02a91f7fd2960290db5bd20b3faba') in 0.096545 seconds 
========================================================================
Received Import Request.
  Time since last request: 0.000021 seconds.
  path: Assets/RawWoodenFurnitureFree/Materials/Chair02matV2.mat
  artifactKey: Guid(7e61e129382abbd4a9cac0d7a454017f) Importer(815301076,1909f56bfc062723c751e8b465ee728b)
Start importing Assets/RawWoodenFurnitureFree/Materials/Chair02matV2.mat using Guid(7e61e129382abbd4a9cac0d7a454017f) Importer(815301076,1909f56bfc062723c751e8b465ee728b)  -> (artifact id: 'c75cb4de6878e5684a85df24326e0392') in 0.011305 seconds 
========================================================================
Received Import Request.
  Time since last request: 0.000045 seconds.
  path: Assets/StarterAssets/Environment/Art/Models/Wall_Mesh.fbx
  artifactKey: Guid(ff02a0a00ab750f48b09459b1cafd1b8) Importer(815301076,1909f56bfc062723c751e8b465ee728b)
Start importing Assets/StarterAssets/Environment/Art/Models/Wall_Mesh.fbx using Guid(ff02a0a00ab750f48b09459b1cafd1b8) Importer(815301076,1909f56bfc062723c751e8b465ee728b)  -> (artifact id: '5f36a8b3025349e20a41af89442c1876') in 0.023705 seconds 
========================================================================
Received Import Request.
  Time since last request: 0.000017 seconds.
  path: Assets/Furniture Models/Coffee Table/CoffeTableMaterial.mat
  artifactKey: Guid(765a305b13ce76e45ad9ed3d66ce2c30) Importer(815301076,1909f56bfc062723c751e8b465ee728b)
Start importing Assets/Furniture Models/Coffee Table/CoffeTableMaterial.mat using Guid(765a305b13ce76e45ad9ed3d66ce2c30) Importer(815301076,1909f56bfc062723c751e8b465ee728b)  -> (artifact id: '4e30304c285f5b79e5255aa2348ee237') in 0.106427 seconds 
========================================================================
Received Import Request.
  Time since last request: 0.000018 seconds.
  path: Assets/Furniture Models/Lamp/Materials/No Name.mat
  artifactKey: Guid(3e4aed5e601d5eb418051a8c681f5e66) Importer(815301076,1909f56bfc062723c751e8b465ee728b)
Start importing Assets/Furniture Models/Lamp/Materials/No Name.mat using Guid(3e4aed5e601d5eb418051a8c681f5e66) Importer(815301076,1909f56bfc062723c751e8b465ee728b)  -> (artifact id: '667be79027d016120b4080c1ec0eb1b8') in 0.008302 seconds 
========================================================================
Received Import Request.
  Time since last request: 0.000034 seconds.
  path: Assets/Furniture Models/Coffee Table/Materials/No Name.mat
  artifactKey: Guid(eec017b0635ddba41a30a106784db94a) Importer(815301076,1909f56bfc062723c751e8b465ee728b)
Start importing Assets/Furniture Models/Coffee Table/Materials/No Name.mat using Guid(eec017b0635ddba41a30a106784db94a) Importer(815301076,1909f56bfc062723c751e8b465ee728b)  -> (artifact id: 'e232024959b94a8a79161f15a9a18ef9') in 0.014922 seconds 
========================================================================
Received Import Request.
  Time since last request: 0.000022 seconds.
  path: Assets/Furniture/Source/Materials/3Seat2D_BaseColor.mat
  artifactKey: Guid(543b73a4ce5bf66408a57b3d0a721959) Importer(815301076,1909f56bfc062723c751e8b465ee728b)
Start importing Assets/Furniture/Source/Materials/3Seat2D_BaseColor.mat using Guid(543b73a4ce5bf66408a57b3d0a721959) Importer(815301076,1909f56bfc062723c751e8b465ee728b)  -> (artifact id: '2e7787500feb71a61808a7a8ecc62c5c') in 0.073396 seconds 
========================================================================
Received Import Request.
  Time since last request: 0.000060 seconds.
  path: Assets/BathroomPack/Materials/ToiletBrush.mat
  artifactKey: Guid(cf5efbf11f959ad4db269e493268a223) Importer(815301076,1909f56bfc062723c751e8b465ee728b)
Start importing Assets/BathroomPack/Materials/ToiletBrush.mat using Guid(cf5efbf11f959ad4db269e493268a223) Importer(815301076,1909f56bfc062723c751e8b465ee728b)  -> (artifact id: '9654d86225ffb62583cc384e7d3b5524') in 0.076988 seconds 
========================================================================
Received Import Request.
  Time since last request: 0.000028 seconds.
  path: Assets/StarterAssets/ThirdPersonController/Character/Materials/M_Armature_Arms.mat
  artifactKey: Guid(766fd3ff04aab4745a764d33daac86fa) Importer(815301076,1909f56bfc062723c751e8b465ee728b)
Start importing Assets/StarterAssets/ThirdPersonController/Character/Materials/M_Armature_Arms.mat using Guid(766fd3ff04aab4745a764d33daac86fa) Importer(815301076,1909f56bfc062723c751e8b465ee728b)  -> (artifact id: '0928f7450be3f722e6d324f5d9e04bc5') in 0.080538 seconds 
========================================================================
Received Import Request.
  Time since last request: 0.000015 seconds.
  path: Assets/One-Click_Wall_Materials/Materials/Wall12.mat
  artifactKey: Guid(6ad4c72980b6b2148aff44d5014062ae) Importer(815301076,1909f56bfc062723c751e8b465ee728b)
Start importing Assets/One-Click_Wall_Materials/Materials/Wall12.mat using Guid(6ad4c72980b6b2148aff44d5014062ae) Importer(815301076,1909f56bfc062723c751e8b465ee728b)  -> (artifact id: '1fa3d3144d9a916e7c05109075c3bb0e') in 0.047261 seconds 
========================================================================
Received Import Request.
  Time since last request: 0.000017 seconds.
  path: Assets/BathroomPack/Materials/Toilet.mat
  artifactKey: Guid(f446e278ae54d6547a83978d757417ae) Importer(815301076,1909f56bfc062723c751e8b465ee728b)
Start importing Assets/BathroomPack/Materials/Toilet.mat using Guid(f446e278ae54d6547a83978d757417ae) Importer(815301076,1909f56bfc062723c751e8b465ee728b)  -> (artifact id: '0fcfc2fb6b849735677c2e5d41ec5092') in 0.089241 seconds 
========================================================================
Received Import Request.
  Time since last request: 0.000028 seconds.
  path: Assets/StarterAssets/Environment/Art/Models/Stairs_650_400_300_Mesh.fbx
  artifactKey: Guid(7e0223e1d3e1733499accfa5ebffb67e) Importer(815301076,1909f56bfc062723c751e8b465ee728b)
Start importing Assets/StarterAssets/Environment/Art/Models/Stairs_650_400_300_Mesh.fbx using Guid(7e0223e1d3e1733499accfa5ebffb67e) Importer(815301076,1909f56bfc062723c751e8b465ee728b)  -> (artifact id: '2605251a43c3befca72b668ffa78c5eb') in 0.043524 seconds 
========================================================================
Received Import Request.
  Time since last request: 0.000060 seconds.
  path: Assets/One-Click_Wall_Materials/Scenes/SampleScene/Materials/Lightmap-0_comp_light.mat
  artifactKey: Guid(cb34cd73baa0c564fb1c674c793ff4e6) Importer(815301076,1909f56bfc062723c751e8b465ee728b)
Start importing Assets/One-Click_Wall_Materials/Scenes/SampleScene/Materials/Lightmap-0_comp_light.mat using Guid(cb34cd73baa0c564fb1c674c793ff4e6) Importer(815301076,1909f56bfc062723c751e8b465ee728b)  -> (artifact id: '558889832ea217ca5fc9de643c369cfa') in 0.023779 seconds 
========================================================================
Received Import Request.
  Time since last request: 0.000016 seconds.
  path: Assets/Furniture/Source/Materials/Kom_BaseColor.mat
  artifactKey: Guid(50735be092ba0c449ae21a9c1a6195b8) Importer(815301076,1909f56bfc062723c751e8b465ee728b)
Start importing Assets/Furniture/Source/Materials/Kom_BaseColor.mat using Guid(50735be092ba0c449ae21a9c1a6195b8) Importer(815301076,1909f56bfc062723c751e8b465ee728b)  -> (artifact id: '75b9881b00244e771b1f1077c99a6e04') in 0.033855 seconds 
========================================================================
Received Import Request.
  Time since last request: 0.000016 seconds.
  path: Assets/Furniture/Source/Materials/MetalTable_BaseColor.mat
  artifactKey: Guid(30478f606bb42724abb4b3a08f9279d5) Importer(815301076,1909f56bfc062723c751e8b465ee728b)
Start importing Assets/Furniture/Source/Materials/MetalTable_BaseColor.mat using Guid(30478f606bb42724abb4b3a08f9279d5) Importer(815301076,1909f56bfc062723c751e8b465ee728b)  -> (artifact id: 'c9595e7bbe99534f7ebbef7accaef95d') in 0.080296 seconds 
========================================================================
Received Import Request.
  Time since last request: 0.000019 seconds.
  path: Assets/Free/Wooden Floor Pack/Materials/Wooden Floor 4.mat
  artifactKey: Guid(b00045d5b284de34ea2e777e68ea2dfe) Importer(815301076,1909f56bfc062723c751e8b465ee728b)
Start importing Assets/Free/Wooden Floor Pack/Materials/Wooden Floor 4.mat using Guid(b00045d5b284de34ea2e777e68ea2dfe) Importer(815301076,1909f56bfc062723c751e8b465ee728b)  -> (artifact id: 'ceb2a47c87e4fc816d5248140b999227') in 0.113002 seconds 
========================================================================
Received Import Request.
  Time since last request: 0.000019 seconds.
  path: Assets/One-Click_Wall_Materials/Materials/Wall11.mat
  artifactKey: Guid(4b87b30e848a7f3478daf32a489f324a) Importer(815301076,1909f56bfc062723c751e8b465ee728b)
Start importing Assets/One-Click_Wall_Materials/Materials/Wall11.mat using Guid(4b87b30e848a7f3478daf32a489f324a) Importer(815301076,1909f56bfc062723c751e8b465ee728b)  -> (artifact id: 'e6edebe26a02fb8b45a470b5e0e6db38') in 0.068232 seconds 
========================================================================
Received Import Request.
  Time since last request: 0.000044 seconds.
  path: Assets/Old Cabinet/Materials/M_cabinet_glass.mat
  artifactKey: Guid(cf22011104c400d4a97e6d3b2e92b558) Importer(815301076,1909f56bfc062723c751e8b465ee728b)
Start importing Assets/Old Cabinet/Materials/M_cabinet_glass.mat using Guid(cf22011104c400d4a97e6d3b2e92b558) Importer(815301076,1909f56bfc062723c751e8b465ee728b)  -> (artifact id: '940cbbf7bebf964013b1d3811a1bebe6') in 0.084851 seconds 
========================================================================
Received Import Request.
  Time since last request: 0.000097 seconds.
  path: Assets/StarterAssets/Environment/Art/Materials/GridOrange_01_Mat.mat
  artifactKey: Guid(7ab977a21c92388468ee65ad1c0e5a78) Importer(815301076,1909f56bfc062723c751e8b465ee728b)
Start importing Assets/StarterAssets/Environment/Art/Materials/GridOrange_01_Mat.mat using Guid(7ab977a21c92388468ee65ad1c0e5a78) Importer(815301076,1909f56bfc062723c751e8b465ee728b)  -> (artifact id: '58d1123eebe92eddf7ede1ecfa42cf8e') in 0.023849 seconds 
========================================================================
Received Import Request.
  Time since last request: 0.000024 seconds.
  path: Assets/Old Cabinet/Materials/T_cabinet_glass_AlbedoTransparency.mat
  artifactKey: Guid(7f86fa125f34d8c4bb89a54e9ee6a662) Importer(815301076,1909f56bfc062723c751e8b465ee728b)
Start importing Assets/Old Cabinet/Materials/T_cabinet_glass_AlbedoTransparency.mat using Guid(7f86fa125f34d8c4bb89a54e9ee6a662) Importer(815301076,1909f56bfc062723c751e8b465ee728b)  -> (artifact id: 'f302f9d10fff70ab98afd02124208ee7') in 0.021066 seconds 
========================================================================
Received Import Request.
  Time since last request: 0.000029 seconds.
  path: Assets/Old Cabinet/Materials/T_cabinet_glass_Normal.mat
  artifactKey: Guid(c93caa86cc41afe4a968af892992d45e) Importer(815301076,1909f56bfc062723c751e8b465ee728b)
Start importing Assets/Old Cabinet/Materials/T_cabinet_glass_Normal.mat using Guid(c93caa86cc41afe4a968af892992d45e) Importer(815301076,1909f56bfc062723c751e8b465ee728b)  -> (artifact id: '1e67b710845591e796f540ee257769e7') in 0.015882 seconds 
========================================================================
Received Import Request.
  Time since last request: 0.000024 seconds.
  path: Assets/One-Click_Wall_Materials/Scenes/Misc/Materials/zoomTexture.mat
  artifactKey: Guid(2d64a5ea11474334499624e31430d9c0) Importer(815301076,1909f56bfc062723c751e8b465ee728b)
Start importing Assets/One-Click_Wall_Materials/Scenes/Misc/Materials/zoomTexture.mat using Guid(2d64a5ea11474334499624e31430d9c0) Importer(815301076,1909f56bfc062723c751e8b465ee728b)  -> (artifact id: '9f57cb14e0900c7113c8472a11b6f73d') in 0.013599 seconds 
========================================================================
Received Import Request.
  Time since last request: 0.000094 seconds.
  path: Assets/Old Cabinet/Materials/Skybox_Mat.mat
  artifactKey: Guid(0ffaa0b7117ba8c47a9d05ae701d4b4d) Importer(815301076,1909f56bfc062723c751e8b465ee728b)
Start importing Assets/Old Cabinet/Materials/Skybox_Mat.mat using Guid(0ffaa0b7117ba8c47a9d05ae701d4b4d) Importer(815301076,1909f56bfc062723c751e8b465ee728b)  -> (artifact id: 'f80b45cbc27f4f834f7e86e14ccbf242') in 0.015256 seconds 
========================================================================
Received Import Request.
  Time since last request: 0.000023 seconds.
  path: Assets/Furniture Models/Cabinet for TV/Materials/No Name.mat
  artifactKey: Guid(5168397cf9f5e1e4cb58c14166beb015) Importer(815301076,1909f56bfc062723c751e8b465ee728b)
Start importing Assets/Furniture Models/Cabinet for TV/Materials/No Name.mat using Guid(5168397cf9f5e1e4cb58c14166beb015) Importer(815301076,1909f56bfc062723c751e8b465ee728b)  -> (artifact id: '595b0079af4df657aa179593e692745f') in 0.010700 seconds 
========================================================================
Received Import Request.
  Time since last request: 0.000033 seconds.
  path: Assets/StarterAssets/Environment/Art/Materials/GreyBlue_Mat.mat
  artifactKey: Guid(6b911390c5825014e8377183a7837d3f) Importer(815301076,1909f56bfc062723c751e8b465ee728b)
Start importing Assets/StarterAssets/Environment/Art/Materials/GreyBlue_Mat.mat using Guid(6b911390c5825014e8377183a7837d3f) Importer(815301076,1909f56bfc062723c751e8b465ee728b)  -> (artifact id: 'd2ceda763e16d6c2bb3fc624cb19e779') in 0.012035 seconds 
========================================================================
Received Import Request.
  Time since last request: 0.000046 seconds.
  path: Assets/StarterAssets/Environment/Art/Models/Stairs_200x100x200_Mesh.fbx
  artifactKey: Guid(fce3bf5a5b603db45ab0048fb6ab44df) Importer(815301076,1909f56bfc062723c751e8b465ee728b)
Start importing Assets/StarterAssets/Environment/Art/Models/Stairs_200x100x200_Mesh.fbx using Guid(fce3bf5a5b603db45ab0048fb6ab44df) Importer(815301076,1909f56bfc062723c751e8b465ee728b)  -> (artifact id: '99cadd9b6324739d83492b05131b092f') in 0.034448 seconds 
========================================================================
Received Import Request.
  Time since last request: 0.000021 seconds.
  path: Assets/BathroomPack/Meshes/ToiletRollHolder.FBX
  artifactKey: Guid(bb08d373e2f49f549871c82d2cb5b8f5) Importer(815301076,1909f56bfc062723c751e8b465ee728b)
Start importing Assets/BathroomPack/Meshes/ToiletRollHolder.FBX using Guid(bb08d373e2f49f549871c82d2cb5b8f5) Importer(815301076,1909f56bfc062723c751e8b465ee728b)  -> (artifact id: '65e79bdce38a92e4d7ed477afb9f5b51') in 0.023457 seconds 
========================================================================
Received Import Request.
  Time since last request: 0.000021 seconds.
  path: Assets/Furniture/Source/Materials/komm2_BaseColor.mat
  artifactKey: Guid(331e08cdd401b9445adbabe2ad6b1da7) Importer(815301076,1909f56bfc062723c751e8b465ee728b)
Start importing Assets/Furniture/Source/Materials/komm2_BaseColor.mat using Guid(331e08cdd401b9445adbabe2ad6b1da7) Importer(815301076,1909f56bfc062723c751e8b465ee728b)  -> (artifact id: '67401b70005f2ceaac6dd4ab2f8e3fc5') in 0.070862 seconds 
========================================================================
Received Import Request.
  Time since last request: 0.000025 seconds.
  path: Assets/Furniture Models/TV/Materials/No Name.mat
  artifactKey: Guid(bca86c1a9f918614f8abddbb8c106876) Importer(815301076,1909f56bfc062723c751e8b465ee728b)
Start importing Assets/Furniture Models/TV/Materials/No Name.mat using Guid(bca86c1a9f918614f8abddbb8c106876) Importer(815301076,1909f56bfc062723c751e8b465ee728b)  -> (artifact id: '3246d80fb469218b945cd0cf63a86263') in 0.007790 seconds 
========================================================================
Received Import Request.
  Time since last request: 0.000045 seconds.
  path: Assets/BathroomPack/Meshes/Sink.FBX
  artifactKey: Guid(c57fe1b4a68582142b558cdd30179d61) Importer(815301076,1909f56bfc062723c751e8b465ee728b)
Start importing Assets/BathroomPack/Meshes/Sink.FBX using Guid(c57fe1b4a68582142b558cdd30179d61) Importer(815301076,1909f56bfc062723c751e8b465ee728b)  -> (artifact id: '0eb7f329b92f34691e37b04c4bb67448') in 0.039799 seconds 
========================================================================
Received Import Request.
  Time since last request: 0.000022 seconds.
  path: Assets/One-Click_Wall_Materials/Materials/grunge11.mat
  artifactKey: Guid(95de605475942ce49bdc4b12425eb3d4) Importer(815301076,1909f56bfc062723c751e8b465ee728b)
Start importing Assets/One-Click_Wall_Materials/Materials/grunge11.mat using Guid(95de605475942ce49bdc4b12425eb3d4) Importer(815301076,1909f56bfc062723c751e8b465ee728b)  -> (artifact id: 'deff875d56b3387e9d4b411f42477748') in 0.012979 seconds 
========================================================================
Received Prepare
Registering precompiled user dll's ...
Registered in 0.010081 seconds.
Begin MonoManager ReloadAssembly
Symbol file LoadedFromMemory doesn't match image D:\Kuliah project\SEMESTER IV\GAMEDEV\Test\GODAM\Library\PackageCache\com.unity.visualscripting@1.8.0\Editor\VisualScripting.Core\Dependencies\YamlDotNet\Unity.VisualScripting.YamlDotNet.dll
Symbol file LoadedFromMemory doesn't match image D:\Kuliah project\SEMESTER IV\GAMEDEV\Test\GODAM\Library\PackageCache\com.unity.visualscripting@1.8.0\Editor\VisualScripting.Core\Dependencies\DotNetZip\Unity.VisualScripting.IonicZip.dll
Native extension for WindowsStandalone target not found
Refreshing native plugins compatible for Editor in 1.05 ms, found 3 plugins.
Preloading 0 native plugins for Editor in 0.00 ms.
Mono: successfully reloaded assembly
- Completed reload, in  1.140 seconds
Domain Reload Profiling:
	ReloadAssembly (1141ms)
		BeginReloadAssembly (228ms)
			ExecutionOrderSort (0ms)
			DisableScriptedObjects (7ms)
			BackupInstance (0ms)
			ReleaseScriptingObjects (0ms)
			CreateAndSetChildDomain (66ms)
		EndReloadAssembly (814ms)
			LoadAssemblies (138ms)
			RebuildTransferFunctionScriptingTraits (0ms)
			SetupTypeCache (322ms)
			ReleaseScriptCaches (1ms)
			RebuildScriptCaches (47ms)
			SetupLoadedEditorAssemblies (306ms)
				LogAssemblyErrors (0ms)
				InitializePlatformSupportModulesInManaged (4ms)
				SetLoadedEditorAssemblies (1ms)
				RefreshPlugins (1ms)
				BeforeProcessingInitializeOnLoad (70ms)
				ProcessInitializeOnLoadAttributes (209ms)
				ProcessInitializeOnLoadMethodAttributes (18ms)
				AfterProcessingInitializeOnLoad (3ms)
				EditorAssembliesLoaded (0ms)
			ExecutionOrderSort2 (0ms)
			AwakeInstancesAfterBackupRestoration (7ms)
Platform modules already initialized, skipping
Refreshing native plugins compatible for Editor in 1.89 ms, found 3 plugins.
Preloading 0 native plugins for Editor in 0.00 ms.
Unloading 3063 Unused Serialized files (Serialized files now loaded: 0)
Unloading 17 unused Assets / (82.0 KB). Loaded Objects now: 3603.
Memory consumption went from 133.8 MB to 133.7 MB.
Total: 3.209700 ms (FindLiveObjects: 0.305100 ms CreateObjectMapping: 0.140100 ms MarkObjects: 2.629500 ms  DeleteObjects: 0.134300 ms)

AssetImportParameters requested are different than current active one (requested -> active):
  custom:video-decoder-ogg-theora: a1e56fd34408186e4bbccfd4996cb3dc -> 
  custom:container-muxer-webm: aa71ff27fc2769a1b78a27578f13a17b -> 
  custom:container-demuxer-webm: 4f35f7cbe854078d1ac9338744f61a02 -> 
  custom:video-encoder-webm-vp8: eb34c28f22e8b96e1ab97ce403110664 -> 
  custom:audio-encoder-webm-vorbis: bf7c407c2cedff20999df2af8eb42d56 -> 
  custom:framework-win-MediaFoundation: 216162199b28c13a410421893ffa2e32 -> 
  custom:container-demuxer-ogg: 62fdf1f143b41e24485cea50d1cbac27 -> 
  custom:video-decoder-webm-vp8: 9c59270c3fd7afecdb556c50c9e8de78 -> 
  custom:audio-decoder-ogg-vorbis: bf7c407c2cedff20999df2af8eb42d56 -> 
========================================================================
Received Import Request.
  Time since last request: 621.941679 seconds.
  path: Assets/Scenes/SampleScene.unity
  artifactKey: Guid(9fc0d4010bbf28b4594072e72b8655ab) Importer(815301076,1909f56bfc062723c751e8b465ee728b)
Start importing Assets/Scenes/SampleScene.unity using Guid(9fc0d4010bbf28b4594072e72b8655ab) Importer(815301076,1909f56bfc062723c751e8b465ee728b)  -> (artifact id: 'a81688638fb7c550312c535e4abf9e59') in 0.008281 seconds 
========================================================================
Received Import Request.
  Time since last request: 17.176890 seconds.
  path: Assets/Scenes/Menu.unity
  artifactKey: Guid(80cc97b6f6a782e47b0d46d289f1e093) Importer(815301076,1909f56bfc062723c751e8b465ee728b)
Start importing Assets/Scenes/Menu.unity using Guid(80cc97b6f6a782e47b0d46d289f1e093) Importer(815301076,1909f56bfc062723c751e8b465ee728b)  -> (artifact id: 'be7ebcd4fe791cfc32246857baeeb62b') in 0.002227 seconds 
========================================================================
Received Prepare
Registering precompiled user dll's ...
Registered in 0.007352 seconds.
Begin MonoManager ReloadAssembly
Symbol file LoadedFromMemory doesn't match image D:\Kuliah project\SEMESTER IV\GAMEDEV\Test\GODAM\Library\PackageCache\com.unity.visualscripting@1.8.0\Editor\VisualScripting.Core\Dependencies\YamlDotNet\Unity.VisualScripting.YamlDotNet.dll
Symbol file LoadedFromMemory doesn't match image D:\Kuliah project\SEMESTER IV\GAMEDEV\Test\GODAM\Library\PackageCache\com.unity.visualscripting@1.8.0\Editor\VisualScripting.Core\Dependencies\DotNetZip\Unity.VisualScripting.IonicZip.dll
Native extension for WindowsStandalone target not found
Refreshing native plugins compatible for Editor in 2.00 ms, found 3 plugins.
Preloading 0 native plugins for Editor in 0.00 ms.
Mono: successfully reloaded assembly
- Completed reload, in  1.919 seconds
Domain Reload Profiling:
	ReloadAssembly (1921ms)
		BeginReloadAssembly (224ms)
			ExecutionOrderSort (0ms)
			DisableScriptedObjects (7ms)
			BackupInstance (0ms)
			ReleaseScriptingObjects (0ms)
			CreateAndSetChildDomain (48ms)
		EndReloadAssembly (1569ms)
			LoadAssemblies (166ms)
			RebuildTransferFunctionScriptingTraits (0ms)
			SetupTypeCache (534ms)
			ReleaseScriptCaches (4ms)
			RebuildScriptCaches (110ms)
			SetupLoadedEditorAssemblies (673ms)
				LogAssemblyErrors (0ms)
				InitializePlatformSupportModulesInManaged (13ms)
				SetLoadedEditorAssemblies (1ms)
				RefreshPlugins (2ms)
				BeforeProcessingInitializeOnLoad (138ms)
				ProcessInitializeOnLoadAttributes (468ms)
				ProcessInitializeOnLoadMethodAttributes (44ms)
				AfterProcessingInitializeOnLoad (8ms)
				EditorAssembliesLoaded (0ms)
			ExecutionOrderSort2 (0ms)
			AwakeInstancesAfterBackupRestoration (12ms)
Platform modules already initialized, skipping
Refreshing native plugins compatible for Editor in 5.01 ms, found 3 plugins.
Preloading 0 native plugins for Editor in 0.00 ms.
Unloading 3063 Unused Serialized files (Serialized files now loaded: 0)
Unloading 17 unused Assets / (81.9 KB). Loaded Objects now: 3606.
Memory consumption went from 133.8 MB to 133.7 MB.
Total: 8.100700 ms (FindLiveObjects: 0.772600 ms CreateObjectMapping: 0.544700 ms MarkObjects: 6.568400 ms  DeleteObjects: 0.213400 ms)

AssetImportParameters requested are different than current active one (requested -> active):
  custom:video-decoder-ogg-theora: a1e56fd34408186e4bbccfd4996cb3dc -> 
  custom:container-muxer-webm: aa71ff27fc2769a1b78a27578f13a17b -> 
  custom:container-demuxer-webm: 4f35f7cbe854078d1ac9338744f61a02 -> 
  custom:video-encoder-webm-vp8: eb34c28f22e8b96e1ab97ce403110664 -> 
  custom:audio-encoder-webm-vorbis: bf7c407c2cedff20999df2af8eb42d56 -> 
  custom:framework-win-MediaFoundation: 216162199b28c13a410421893ffa2e32 -> 
  custom:container-demuxer-ogg: 62fdf1f143b41e24485cea50d1cbac27 -> 
  custom:video-decoder-webm-vp8: 9c59270c3fd7afecdb556c50c9e8de78 -> 
  custom:audio-decoder-ogg-vorbis: bf7c407c2cedff20999df2af8eb42d56 -> 
========================================================================
Received Import Request.
  Time since last request: 211.380099 seconds.
  path: Assets/VideoTexture.renderTexture
  artifactKey: Guid(9f6be8d328defa4468e82e4d18130d3e) Importer(815301076,1909f56bfc062723c751e8b465ee728b)
Start importing Assets/VideoTexture.renderTexture using Guid(9f6be8d328defa4468e82e4d18130d3e) Importer(815301076,1909f56bfc062723c751e8b465ee728b)  -> (artifact id: 'b01b9b9f4a038b1b814e168c91e88162') in 0.081407 seconds 
========================================================================
Received Import Request.
  Time since last request: 44.682554 seconds.
  path: Assets/VideoTexture.renderTexture
  artifactKey: Guid(9f6be8d328defa4468e82e4d18130d3e) Importer(815301076,1909f56bfc062723c751e8b465ee728b)
Start importing Assets/VideoTexture.renderTexture using Guid(9f6be8d328defa4468e82e4d18130d3e) Importer(815301076,1909f56bfc062723c751e8b465ee728b)  -> (artifact id: '105e3119665436f01a25aae4ea2c82cb') in 0.007900 seconds 
========================================================================
Received Prepare
Registering precompiled user dll's ...
Registered in 0.008226 seconds.
Begin MonoManager ReloadAssembly
Symbol file LoadedFromMemory doesn't match image D:\Kuliah project\SEMESTER IV\GAMEDEV\Test\GODAM\Library\PackageCache\com.unity.visualscripting@1.8.0\Editor\VisualScripting.Core\Dependencies\YamlDotNet\Unity.VisualScripting.YamlDotNet.dll
Symbol file LoadedFromMemory doesn't match image D:\Kuliah project\SEMESTER IV\GAMEDEV\Test\GODAM\Library\PackageCache\com.unity.visualscripting@1.8.0\Editor\VisualScripting.Core\Dependencies\DotNetZip\Unity.VisualScripting.IonicZip.dll
Native extension for WindowsStandalone target not found
Refreshing native plugins compatible for Editor in 1.01 ms, found 3 plugins.
Preloading 0 native plugins for Editor in 0.00 ms.
Mono: successfully reloaded assembly
- Completed reload, in  1.827 seconds
Domain Reload Profiling:
	ReloadAssembly (1828ms)
		BeginReloadAssembly (271ms)
			ExecutionOrderSort (0ms)
			DisableScriptedObjects (8ms)
			BackupInstance (0ms)
			ReleaseScriptingObjects (0ms)
			CreateAndSetChildDomain (62ms)
		EndReloadAssembly (1382ms)
			LoadAssemblies (187ms)
			RebuildTransferFunctionScriptingTraits (0ms)
			SetupTypeCache (498ms)
			ReleaseScriptCaches (2ms)
			RebuildScriptCaches (85ms)
			SetupLoadedEditorAssemblies (571ms)
				LogAssemblyErrors (0ms)
				InitializePlatformSupportModulesInManaged (7ms)
				SetLoadedEditorAssemblies (1ms)
				RefreshPlugins (1ms)
				BeforeProcessingInitializeOnLoad (121ms)
				ProcessInitializeOnLoadAttributes (396ms)
				ProcessInitializeOnLoadMethodAttributes (36ms)
				AfterProcessingInitializeOnLoad (9ms)
				EditorAssembliesLoaded (0ms)
			ExecutionOrderSort2 (0ms)
			AwakeInstancesAfterBackupRestoration (11ms)
Platform modules already initialized, skipping
Refreshing native plugins compatible for Editor in 3.53 ms, found 3 plugins.
Preloading 0 native plugins for Editor in 0.00 ms.
Unloading 3063 Unused Serialized files (Serialized files now loaded: 0)
Unloading 17 unused Assets / (82.0 KB). Loaded Objects now: 3613.
Memory consumption went from 133.9 MB to 133.8 MB.
Total: 4.872400 ms (FindLiveObjects: 0.714800 ms CreateObjectMapping: 0.369300 ms MarkObjects: 3.621500 ms  DeleteObjects: 0.165700 ms)

AssetImportParameters requested are different than current active one (requested -> active):
  custom:video-decoder-ogg-theora: a1e56fd34408186e4bbccfd4996cb3dc -> 
  custom:container-muxer-webm: aa71ff27fc2769a1b78a27578f13a17b -> 
  custom:container-demuxer-webm: 4f35f7cbe854078d1ac9338744f61a02 -> 
  custom:video-encoder-webm-vp8: eb34c28f22e8b96e1ab97ce403110664 -> 
  custom:audio-encoder-webm-vorbis: bf7c407c2cedff20999df2af8eb42d56 -> 
  custom:framework-win-MediaFoundation: 216162199b28c13a410421893ffa2e32 -> 
  custom:container-demuxer-ogg: 62fdf1f143b41e24485cea50d1cbac27 -> 
  custom:video-decoder-webm-vp8: 9c59270c3fd7afecdb556c50c9e8de78 -> 
  custom:audio-decoder-ogg-vorbis: bf7c407c2cedff20999df2af8eb42d56 -> 
========================================================================
Received Prepare
Registering precompiled user dll's ...
Registered in 0.007479 seconds.
Begin MonoManager ReloadAssembly
Symbol file LoadedFromMemory doesn't match image D:\Kuliah project\SEMESTER IV\GAMEDEV\Test\GODAM\Library\PackageCache\com.unity.visualscripting@1.8.0\Editor\VisualScripting.Core\Dependencies\YamlDotNet\Unity.VisualScripting.YamlDotNet.dll
Symbol file LoadedFromMemory doesn't match image D:\Kuliah project\SEMESTER IV\GAMEDEV\Test\GODAM\Library\PackageCache\com.unity.visualscripting@1.8.0\Editor\VisualScripting.Core\Dependencies\DotNetZip\Unity.VisualScripting.IonicZip.dll
Native extension for WindowsStandalone target not found
Refreshing native plugins compatible for Editor in 1.56 ms, found 3 plugins.
Preloading 0 native plugins for Editor in 0.00 ms.
Mono: successfully reloaded assembly
- Completed reload, in  1.820 seconds
Domain Reload Profiling:
	ReloadAssembly (1821ms)
		BeginReloadAssembly (251ms)
			ExecutionOrderSort (0ms)
			DisableScriptedObjects (8ms)
			BackupInstance (0ms)
			ReleaseScriptingObjects (0ms)
			CreateAndSetChildDomain (58ms)
		EndReloadAssembly (1413ms)
			LoadAssemblies (187ms)
			RebuildTransferFunctionScriptingTraits (0ms)
			SetupTypeCache (513ms)
			ReleaseScriptCaches (2ms)
			RebuildScriptCaches (83ms)
			SetupLoadedEditorAssemblies (579ms)
				LogAssemblyErrors (0ms)
				InitializePlatformSupportModulesInManaged (9ms)
				SetLoadedEditorAssemblies (1ms)
				RefreshPlugins (2ms)
				BeforeProcessingInitializeOnLoad (130ms)
				ProcessInitializeOnLoadAttributes (389ms)
				ProcessInitializeOnLoadMethodAttributes (41ms)
				AfterProcessingInitializeOnLoad (8ms)
				EditorAssembliesLoaded (0ms)
			ExecutionOrderSort2 (0ms)
			AwakeInstancesAfterBackupRestoration (11ms)
Platform modules already initialized, skipping
Refreshing native plugins compatible for Editor in 3.15 ms, found 3 plugins.
Preloading 0 native plugins for Editor in 0.00 ms.
Unloading 3063 Unused Serialized files (Serialized files now loaded: 0)
Unloading 17 unused Assets / (82.0 KB). Loaded Objects now: 3616.
Memory consumption went from 133.9 MB to 133.8 MB.
Total: 8.452000 ms (FindLiveObjects: 0.591500 ms CreateObjectMapping: 0.411300 ms MarkObjects: 7.246100 ms  DeleteObjects: 0.201600 ms)

AssetImportParameters requested are different than current active one (requested -> active):
  custom:video-decoder-ogg-theora: a1e56fd34408186e4bbccfd4996cb3dc -> 
  custom:container-muxer-webm: aa71ff27fc2769a1b78a27578f13a17b -> 
  custom:container-demuxer-webm: 4f35f7cbe854078d1ac9338744f61a02 -> 
  custom:video-encoder-webm-vp8: eb34c28f22e8b96e1ab97ce403110664 -> 
  custom:audio-encoder-webm-vorbis: bf7c407c2cedff20999df2af8eb42d56 -> 
  custom:framework-win-MediaFoundation: 216162199b28c13a410421893ffa2e32 -> 
  custom:container-demuxer-ogg: 62fdf1f143b41e24485cea50d1cbac27 -> 
  custom:video-decoder-webm-vp8: 9c59270c3fd7afecdb556c50c9e8de78 -> 
  custom:audio-decoder-ogg-vorbis: bf7c407c2cedff20999df2af8eb42d56 -> 
========================================================================
Received Prepare
Registering precompiled user dll's ...
Registered in 0.005809 seconds.
Begin MonoManager ReloadAssembly
Symbol file LoadedFromMemory doesn't match image D:\Kuliah project\SEMESTER IV\GAMEDEV\Test\GODAM\Library\PackageCache\com.unity.visualscripting@1.8.0\Editor\VisualScripting.Core\Dependencies\YamlDotNet\Unity.VisualScripting.YamlDotNet.dll
Symbol file LoadedFromMemory doesn't match image D:\Kuliah project\SEMESTER IV\GAMEDEV\Test\GODAM\Library\PackageCache\com.unity.visualscripting@1.8.0\Editor\VisualScripting.Core\Dependencies\DotNetZip\Unity.VisualScripting.IonicZip.dll
Native extension for WindowsStandalone target not found
Refreshing native plugins compatible for Editor in 1.95 ms, found 3 plugins.
Preloading 0 native plugins for Editor in 0.00 ms.
Mono: successfully reloaded assembly
- Completed reload, in  1.916 seconds
Domain Reload Profiling:
	ReloadAssembly (1917ms)
		BeginReloadAssembly (264ms)
			ExecutionOrderSort (0ms)
			DisableScriptedObjects (8ms)
			BackupInstance (0ms)
			ReleaseScriptingObjects (0ms)
			CreateAndSetChildDomain (54ms)
		EndReloadAssembly (1473ms)
			LoadAssemblies (196ms)
			RebuildTransferFunctionScriptingTraits (0ms)
			SetupTypeCache (609ms)
			ReleaseScriptCaches (3ms)
			RebuildScriptCaches (91ms)
			SetupLoadedEditorAssemblies (546ms)
				LogAssemblyErrors (0ms)
				InitializePlatformSupportModulesInManaged (11ms)
				SetLoadedEditorAssemblies (1ms)
				RefreshPlugins (2ms)
				BeforeProcessingInitializeOnLoad (118ms)
				ProcessInitializeOnLoadAttributes (373ms)
				ProcessInitializeOnLoadMethodAttributes (34ms)
				AfterProcessingInitializeOnLoad (6ms)
				EditorAssembliesLoaded (0ms)
			ExecutionOrderSort2 (0ms)
			AwakeInstancesAfterBackupRestoration (10ms)
Platform modules already initialized, skipping
Refreshing native plugins compatible for Editor in 3.37 ms, found 3 plugins.
Preloading 0 native plugins for Editor in 0.00 ms.
Unloading 3063 Unused Serialized files (Serialized files now loaded: 0)
Unloading 17 unused Assets / (81.9 KB). Loaded Objects now: 3619.
Memory consumption went from 133.9 MB to 133.8 MB.
Total: 5.166000 ms (FindLiveObjects: 0.386100 ms CreateObjectMapping: 0.184600 ms MarkObjects: 4.265900 ms  DeleteObjects: 0.327600 ms)

AssetImportParameters requested are different than current active one (requested -> active):
  custom:video-decoder-ogg-theora: a1e56fd34408186e4bbccfd4996cb3dc -> 
  custom:container-muxer-webm: aa71ff27fc2769a1b78a27578f13a17b -> 
  custom:container-demuxer-webm: 4f35f7cbe854078d1ac9338744f61a02 -> 
  custom:video-encoder-webm-vp8: eb34c28f22e8b96e1ab97ce403110664 -> 
  custom:audio-encoder-webm-vorbis: bf7c407c2cedff20999df2af8eb42d56 -> 
  custom:framework-win-MediaFoundation: 216162199b28c13a410421893ffa2e32 -> 
  custom:container-demuxer-ogg: 62fdf1f143b41e24485cea50d1cbac27 -> 
  custom:video-decoder-webm-vp8: 9c59270c3fd7afecdb556c50c9e8de78 -> 
  custom:audio-decoder-ogg-vorbis: bf7c407c2cedff20999df2af8eb42d56 -> 
========================================================================
Received Prepare
Registering precompiled user dll's ...
Registered in 0.005023 seconds.
Begin MonoManager ReloadAssembly
Symbol file LoadedFromMemory doesn't match image D:\Kuliah project\SEMESTER IV\GAMEDEV\Test\GODAM\Library\PackageCache\com.unity.visualscripting@1.8.0\Editor\VisualScripting.Core\Dependencies\YamlDotNet\Unity.VisualScripting.YamlDotNet.dll
Symbol file LoadedFromMemory doesn't match image D:\Kuliah project\SEMESTER IV\GAMEDEV\Test\GODAM\Library\PackageCache\com.unity.visualscripting@1.8.0\Editor\VisualScripting.Core\Dependencies\DotNetZip\Unity.VisualScripting.IonicZip.dll
Native extension for WindowsStandalone target not found
Refreshing native plugins compatible for Editor in 1.38 ms, found 3 plugins.
Preloading 0 native plugins for Editor in 0.00 ms.
Mono: successfully reloaded assembly
- Completed reload, in  1.906 seconds
Domain Reload Profiling:
	ReloadAssembly (1907ms)
		BeginReloadAssembly (254ms)
			ExecutionOrderSort (0ms)
			DisableScriptedObjects (9ms)
			BackupInstance (0ms)
			ReleaseScriptingObjects (0ms)
			CreateAndSetChildDomain (50ms)
		EndReloadAssembly (1475ms)
			LoadAssemblies (191ms)
			RebuildTransferFunctionScriptingTraits (0ms)
			SetupTypeCache (621ms)
			ReleaseScriptCaches (3ms)
			RebuildScriptCaches (86ms)
			SetupLoadedEditorAssemblies (538ms)
				LogAssemblyErrors (0ms)
				InitializePlatformSupportModulesInManaged (9ms)
				SetLoadedEditorAssemblies (1ms)
				RefreshPlugins (1ms)
				BeforeProcessingInitializeOnLoad (117ms)
				ProcessInitializeOnLoadAttributes (366ms)
				ProcessInitializeOnLoadMethodAttributes (36ms)
				AfterProcessingInitializeOnLoad (7ms)
				EditorAssembliesLoaded (0ms)
			ExecutionOrderSort2 (0ms)
			AwakeInstancesAfterBackupRestoration (12ms)
Platform modules already initialized, skipping
Refreshing native plugins compatible for Editor in 3.26 ms, found 3 plugins.
Preloading 0 native plugins for Editor in 0.00 ms.
Unloading 3063 Unused Serialized files (Serialized files now loaded: 0)
Unloading 17 unused Assets / (81.9 KB). Loaded Objects now: 3622.
Memory consumption went from 133.9 MB to 133.8 MB.
Total: 7.917300 ms (FindLiveObjects: 1.221200 ms CreateObjectMapping: 0.654100 ms MarkObjects: 5.755100 ms  DeleteObjects: 0.285200 ms)

AssetImportParameters requested are different than current active one (requested -> active):
  custom:video-decoder-ogg-theora: a1e56fd34408186e4bbccfd4996cb3dc -> 
  custom:container-muxer-webm: aa71ff27fc2769a1b78a27578f13a17b -> 
  custom:container-demuxer-webm: 4f35f7cbe854078d1ac9338744f61a02 -> 
  custom:video-encoder-webm-vp8: eb34c28f22e8b96e1ab97ce403110664 -> 
  custom:audio-encoder-webm-vorbis: bf7c407c2cedff20999df2af8eb42d56 -> 
  custom:framework-win-MediaFoundation: 216162199b28c13a410421893ffa2e32 -> 
  custom:container-demuxer-ogg: 62fdf1f143b41e24485cea50d1cbac27 -> 
  custom:video-decoder-webm-vp8: 9c59270c3fd7afecdb556c50c9e8de78 -> 
  custom:audio-decoder-ogg-vorbis: bf7c407c2cedff20999df2af8eb42d56 -> 
========================================================================
Received Prepare
Registering precompiled user dll's ...
Registered in 0.007274 seconds.
Begin MonoManager ReloadAssembly
Symbol file LoadedFromMemory doesn't match image D:\Kuliah project\SEMESTER IV\GAMEDEV\Test\GODAM\Library\PackageCache\com.unity.visualscripting@1.8.0\Editor\VisualScripting.Core\Dependencies\YamlDotNet\Unity.VisualScripting.YamlDotNet.dll
Symbol file LoadedFromMemory doesn't match image D:\Kuliah project\SEMESTER IV\GAMEDEV\Test\GODAM\Library\PackageCache\com.unity.visualscripting@1.8.0\Editor\VisualScripting.Core\Dependencies\DotNetZip\Unity.VisualScripting.IonicZip.dll
Native extension for WindowsStandalone target not found
Refreshing native plugins compatible for Editor in 1.74 ms, found 3 plugins.
Preloading 0 native plugins for Editor in 0.00 ms.
Mono: successfully reloaded assembly
- Completed reload, in  1.921 seconds
Domain Reload Profiling:
	ReloadAssembly (1923ms)
		BeginReloadAssembly (275ms)
			ExecutionOrderSort (0ms)
			DisableScriptedObjects (13ms)
			BackupInstance (0ms)
			ReleaseScriptingObjects (0ms)
			CreateAndSetChildDomain (58ms)
		EndReloadAssembly (1474ms)
			LoadAssemblies (196ms)
			RebuildTransferFunctionScriptingTraits (0ms)
			SetupTypeCache (596ms)
			ReleaseScriptCaches (2ms)
			RebuildScriptCaches (89ms)
			SetupLoadedEditorAssemblies (571ms)
				LogAssemblyErrors (0ms)
				InitializePlatformSupportModulesInManaged (10ms)
				SetLoadedEditorAssemblies (1ms)
				RefreshPlugins (2ms)
				BeforeProcessingInitializeOnLoad (119ms)
				ProcessInitializeOnLoadAttributes (390ms)
				ProcessInitializeOnLoadMethodAttributes (41ms)
				AfterProcessingInitializeOnLoad (7ms)
				EditorAssembliesLoaded (0ms)
			ExecutionOrderSort2 (0ms)
			AwakeInstancesAfterBackupRestoration (11ms)
Platform modules already initialized, skipping
Refreshing native plugins compatible for Editor in 4.10 ms, found 3 plugins.
Preloading 0 native plugins for Editor in 0.00 ms.
Unloading 3063 Unused Serialized files (Serialized files now loaded: 0)
Unloading 17 unused Assets / (81.9 KB). Loaded Objects now: 3625.
Memory consumption went from 133.9 MB to 133.8 MB.
Total: 3.598200 ms (FindLiveObjects: 0.340900 ms CreateObjectMapping: 0.161800 ms MarkObjects: 2.960000 ms  DeleteObjects: 0.134500 ms)

AssetImportParameters requested are different than current active one (requested -> active):
  custom:video-decoder-ogg-theora: a1e56fd34408186e4bbccfd4996cb3dc -> 
  custom:container-muxer-webm: aa71ff27fc2769a1b78a27578f13a17b -> 
  custom:container-demuxer-webm: 4f35f7cbe854078d1ac9338744f61a02 -> 
  custom:video-encoder-webm-vp8: eb34c28f22e8b96e1ab97ce403110664 -> 
  custom:audio-encoder-webm-vorbis: bf7c407c2cedff20999df2af8eb42d56 -> 
  custom:framework-win-MediaFoundation: 216162199b28c13a410421893ffa2e32 -> 
  custom:container-demuxer-ogg: 62fdf1f143b41e24485cea50d1cbac27 -> 
  custom:video-decoder-webm-vp8: 9c59270c3fd7afecdb556c50c9e8de78 -> 
  custom:audio-decoder-ogg-vorbis: bf7c407c2cedff20999df2af8eb42d56 -> 
========================================================================
Received Prepare
Registering precompiled user dll's ...
Registered in 0.004136 seconds.
Begin MonoManager ReloadAssembly
Symbol file LoadedFromMemory doesn't match image D:\Kuliah project\SEMESTER IV\GAMEDEV\Test\GODAM\Library\PackageCache\com.unity.visualscripting@1.8.0\Editor\VisualScripting.Core\Dependencies\YamlDotNet\Unity.VisualScripting.YamlDotNet.dll
Symbol file LoadedFromMemory doesn't match image D:\Kuliah project\SEMESTER IV\GAMEDEV\Test\GODAM\Library\PackageCache\com.unity.visualscripting@1.8.0\Editor\VisualScripting.Core\Dependencies\DotNetZip\Unity.VisualScripting.IonicZip.dll
Native extension for WindowsStandalone target not found
Refreshing native plugins compatible for Editor in 1.24 ms, found 3 plugins.
Preloading 0 native plugins for Editor in 0.00 ms.
Mono: successfully reloaded assembly
- Completed reload, in  1.277 seconds
Domain Reload Profiling:
	ReloadAssembly (1277ms)
		BeginReloadAssembly (172ms)
			ExecutionOrderSort (0ms)
			DisableScriptedObjects (6ms)
			BackupInstance (0ms)
			ReleaseScriptingObjects (0ms)
			CreateAndSetChildDomain (37ms)
		EndReloadAssembly (991ms)
			LoadAssemblies (127ms)
			RebuildTransferFunctionScriptingTraits (0ms)
			SetupTypeCache (361ms)
			ReleaseScriptCaches (4ms)
			RebuildScriptCaches (68ms)
			SetupLoadedEditorAssemblies (398ms)
				LogAssemblyErrors (0ms)
				InitializePlatformSupportModulesInManaged (7ms)
				SetLoadedEditorAssemblies (1ms)
				RefreshPlugins (1ms)
				BeforeProcessingInitializeOnLoad (82ms)
				ProcessInitializeOnLoadAttributes (272ms)
				ProcessInitializeOnLoadMethodAttributes (31ms)
				AfterProcessingInitializeOnLoad (4ms)
				EditorAssembliesLoaded (0ms)
			ExecutionOrderSort2 (0ms)
			AwakeInstancesAfterBackupRestoration (9ms)
Platform modules already initialized, skipping
Refreshing native plugins compatible for Editor in 2.50 ms, found 3 plugins.
Preloading 0 native plugins for Editor in 0.00 ms.
Unloading 3063 Unused Serialized files (Serialized files now loaded: 0)
Unloading 17 unused Assets / (82.0 KB). Loaded Objects now: 3628.
Memory consumption went from 133.9 MB to 133.8 MB.
Total: 5.699300 ms (FindLiveObjects: 0.688600 ms CreateObjectMapping: 0.277000 ms MarkObjects: 4.512400 ms  DeleteObjects: 0.220100 ms)

AssetImportParameters requested are different than current active one (requested -> active):
  custom:video-decoder-ogg-theora: a1e56fd34408186e4bbccfd4996cb3dc -> 
  custom:container-muxer-webm: aa71ff27fc2769a1b78a27578f13a17b -> 
  custom:container-demuxer-webm: 4f35f7cbe854078d1ac9338744f61a02 -> 
  custom:video-encoder-webm-vp8: eb34c28f22e8b96e1ab97ce403110664 -> 
  custom:audio-encoder-webm-vorbis: bf7c407c2cedff20999df2af8eb42d56 -> 
  custom:framework-win-MediaFoundation: 216162199b28c13a410421893ffa2e32 -> 
  custom:container-demuxer-ogg: 62fdf1f143b41e24485cea50d1cbac27 -> 
  custom:video-decoder-webm-vp8: 9c59270c3fd7afecdb556c50c9e8de78 -> 
  custom:audio-decoder-ogg-vorbis: bf7c407c2cedff20999df2af8eb42d56 -> 
========================================================================
Received Import Request.
  Time since last request: 1194.280104 seconds.
  path: Assets/menu_scene+audio.mp4
  artifactKey: Guid(48afb5b5cf9c9994f9985d13416b431e) Importer(815301076,1909f56bfc062723c751e8b465ee728b)
Start importing Assets/menu_scene+audio.mp4 using Guid(48afb5b5cf9c9994f9985d13416b431e) Importer(815301076,1909f56bfc062723c751e8b465ee728b)  -> (artifact id: '8a2a109afda5570ca8faecc74a483d3d') in 0.051846 seconds 
========================================================================
Received Prepare
Registering precompiled user dll's ...
Registered in 0.005297 seconds.
Begin MonoManager ReloadAssembly
Symbol file LoadedFromMemory doesn't match image D:\Kuliah project\SEMESTER IV\GAMEDEV\Test\GODAM\Library\PackageCache\com.unity.visualscripting@1.8.0\Editor\VisualScripting.Core\Dependencies\YamlDotNet\Unity.VisualScripting.YamlDotNet.dll
Symbol file LoadedFromMemory doesn't match image D:\Kuliah project\SEMESTER IV\GAMEDEV\Test\GODAM\Library\PackageCache\com.unity.visualscripting@1.8.0\Editor\VisualScripting.Core\Dependencies\DotNetZip\Unity.VisualScripting.IonicZip.dll
Native extension for WindowsStandalone target not found
Refreshing native plugins compatible for Editor in 2.50 ms, found 3 plugins.
Preloading 0 native plugins for Editor in 0.00 ms.
Mono: successfully reloaded assembly
- Completed reload, in  2.153 seconds
Domain Reload Profiling:
	ReloadAssembly (2154ms)
		BeginReloadAssembly (385ms)
			ExecutionOrderSort (0ms)
			DisableScriptedObjects (12ms)
			BackupInstance (0ms)
			ReleaseScriptingObjects (0ms)
			CreateAndSetChildDomain (103ms)
		EndReloadAssembly (1567ms)
			LoadAssemblies (279ms)
			RebuildTransferFunctionScriptingTraits (0ms)
			SetupTypeCache (610ms)
			ReleaseScriptCaches (3ms)
			RebuildScriptCaches (96ms)
			SetupLoadedEditorAssemblies (587ms)
				LogAssemblyErrors (0ms)
				InitializePlatformSupportModulesInManaged (10ms)
				SetLoadedEditorAssemblies (1ms)
				RefreshPlugins (3ms)
				BeforeProcessingInitializeOnLoad (126ms)
				ProcessInitializeOnLoadAttributes (397ms)
				ProcessInitializeOnLoadMethodAttributes (42ms)
				AfterProcessingInitializeOnLoad (7ms)
				EditorAssembliesLoaded (1ms)
			ExecutionOrderSort2 (0ms)
			AwakeInstancesAfterBackupRestoration (13ms)
Platform modules already initialized, skipping
Refreshing native plugins compatible for Editor in 4.69 ms, found 3 plugins.
Preloading 0 native plugins for Editor in 0.00 ms.
Unloading 3063 Unused Serialized files (Serialized files now loaded: 0)
Unloading 17 unused Assets / (81.9 KB). Loaded Objects now: 3631.
Memory consumption went from 133.9 MB to 133.8 MB.
Total: 9.339600 ms (FindLiveObjects: 0.970800 ms CreateObjectMapping: 0.582500 ms MarkObjects: 7.404500 ms  DeleteObjects: 0.379700 ms)

AssetImportParameters requested are different than current active one (requested -> active):
  custom:video-decoder-ogg-theora: a1e56fd34408186e4bbccfd4996cb3dc -> 
  custom:container-muxer-webm: aa71ff27fc2769a1b78a27578f13a17b -> 
  custom:container-demuxer-webm: 4f35f7cbe854078d1ac9338744f61a02 -> 
  custom:video-encoder-webm-vp8: eb34c28f22e8b96e1ab97ce403110664 -> 
  custom:audio-encoder-webm-vorbis: bf7c407c2cedff20999df2af8eb42d56 -> 
  custom:framework-win-MediaFoundation: 216162199b28c13a410421893ffa2e32 -> 
  custom:container-demuxer-ogg: 62fdf1f143b41e24485cea50d1cbac27 -> 
  custom:video-decoder-webm-vp8: 9c59270c3fd7afecdb556c50c9e8de78 -> 
  custom:audio-decoder-ogg-vorbis: bf7c407c2cedff20999df2af8eb42d56 -> 
========================================================================
Received Import Request.
  Time since last request: 405.295227 seconds.
  path: Assets/menu_scene.mp4
  artifactKey: Guid(6ba0740831308944ead366abd1db633e) Importer(815301076,1909f56bfc062723c751e8b465ee728b)
Start importing Assets/menu_scene.mp4 using Guid(6ba0740831308944ead366abd1db633e) Importer(815301076,1909f56bfc062723c751e8b465ee728b)  -> (artifact id: '510dbe73f9cf447c6706f06f951f8669') in 0.029204 seconds 
========================================================================
Received Prepare
Registering precompiled user dll's ...
Registered in 0.005546 seconds.
Begin MonoManager ReloadAssembly
Symbol file LoadedFromMemory doesn't match image D:\Kuliah project\SEMESTER IV\GAMEDEV\Test\GODAM\Library\PackageCache\com.unity.visualscripting@1.8.0\Editor\VisualScripting.Core\Dependencies\YamlDotNet\Unity.VisualScripting.YamlDotNet.dll
Symbol file LoadedFromMemory doesn't match image D:\Kuliah project\SEMESTER IV\GAMEDEV\Test\GODAM\Library\PackageCache\com.unity.visualscripting@1.8.0\Editor\VisualScripting.Core\Dependencies\DotNetZip\Unity.VisualScripting.IonicZip.dll
Native extension for WindowsStandalone target not found
Refreshing native plugins compatible for Editor in 1.80 ms, found 3 plugins.
Preloading 0 native plugins for Editor in 0.00 ms.
Mono: successfully reloaded assembly
- Completed reload, in  1.567 seconds
Domain Reload Profiling:
	ReloadAssembly (1568ms)
		BeginReloadAssembly (202ms)
			ExecutionOrderSort (0ms)
			DisableScriptedObjects (6ms)
			BackupInstance (0ms)
			ReleaseScriptingObjects (0ms)
			CreateAndSetChildDomain (50ms)
		EndReloadAssembly (1240ms)
			LoadAssemblies (139ms)
			RebuildTransferFunctionScriptingTraits (0ms)
			SetupTypeCache (476ms)
			ReleaseScriptCaches (2ms)
			RebuildScriptCaches (84ms)
			SetupLoadedEditorAssemblies (479ms)
				LogAssemblyErrors (0ms)
				InitializePlatformSupportModulesInManaged (8ms)
				SetLoadedEditorAssemblies (1ms)
				RefreshPlugins (2ms)
				BeforeProcessingInitializeOnLoad (85ms)
				ProcessInitializeOnLoadAttributes (343ms)
				ProcessInitializeOnLoadMethodAttributes (34ms)
				AfterProcessingInitializeOnLoad (6ms)
				EditorAssembliesLoaded (0ms)
			ExecutionOrderSort2 (0ms)
			AwakeInstancesAfterBackupRestoration (11ms)
Platform modules already initialized, skipping
Refreshing native plugins compatible for Editor in 2.89 ms, found 3 plugins.
Preloading 0 native plugins for Editor in 0.00 ms.
Unloading 3063 Unused Serialized files (Serialized files now loaded: 0)
Unloading 17 unused Assets / (82.1 KB). Loaded Objects now: 3634.
Memory consumption went from 133.9 MB to 133.8 MB.
Total: 7.131400 ms (FindLiveObjects: 0.709600 ms CreateObjectMapping: 0.535000 ms MarkObjects: 5.214800 ms  DeleteObjects: 0.670000 ms)

AssetImportParameters requested are different than current active one (requested -> active):
  custom:video-decoder-ogg-theora: a1e56fd34408186e4bbccfd4996cb3dc -> 
  custom:container-muxer-webm: aa71ff27fc2769a1b78a27578f13a17b -> 
  custom:container-demuxer-webm: 4f35f7cbe854078d1ac9338744f61a02 -> 
  custom:video-encoder-webm-vp8: eb34c28f22e8b96e1ab97ce403110664 -> 
  custom:audio-encoder-webm-vorbis: bf7c407c2cedff20999df2af8eb42d56 -> 
  custom:framework-win-MediaFoundation: 216162199b28c13a410421893ffa2e32 -> 
  custom:container-demuxer-ogg: 62fdf1f143b41e24485cea50d1cbac27 -> 
  custom:video-decoder-webm-vp8: 9c59270c3fd7afecdb556c50c9e8de78 -> 
  custom:audio-decoder-ogg-vorbis: bf7c407c2cedff20999df2af8eb42d56 -> 
========================================================================
Received Import Request.
  Time since last request: 426.251012 seconds.
  path: Assets/menu_scene+audio.mp4
  artifactKey: Guid(48afb5b5cf9c9994f9985d13416b431e) Importer(815301076,1909f56bfc062723c751e8b465ee728b)
Start importing Assets/menu_scene+audio.mp4 using Guid(48afb5b5cf9c9994f9985d13416b431e) Importer(815301076,1909f56bfc062723c751e8b465ee728b)  -> (artifact id: 'a89f1583b0132f928f4324d53ca17d6a') in 0.032479 seconds 
========================================================================
Received Prepare
Registering precompiled user dll's ...
Registered in 0.004139 seconds.
Begin MonoManager ReloadAssembly
Symbol file LoadedFromMemory doesn't match image D:\Kuliah project\SEMESTER IV\GAMEDEV\Test\GODAM\Library\PackageCache\com.unity.visualscripting@1.8.0\Editor\VisualScripting.Core\Dependencies\YamlDotNet\Unity.VisualScripting.YamlDotNet.dll
Symbol file LoadedFromMemory doesn't match image D:\Kuliah project\SEMESTER IV\GAMEDEV\Test\GODAM\Library\PackageCache\com.unity.visualscripting@1.8.0\Editor\VisualScripting.Core\Dependencies\DotNetZip\Unity.VisualScripting.IonicZip.dll
Native extension for WindowsStandalone target not found
Refreshing native plugins compatible for Editor in 1.41 ms, found 3 plugins.
Preloading 0 native plugins for Editor in 0.00 ms.
Mono: successfully reloaded assembly
- Completed reload, in  1.737 seconds
Domain Reload Profiling:
	ReloadAssembly (1738ms)
		BeginReloadAssembly (214ms)
			ExecutionOrderSort (0ms)
			DisableScriptedObjects (7ms)
			BackupInstance (0ms)
			ReleaseScriptingObjects (0ms)
			CreateAndSetChildDomain (53ms)
		EndReloadAssembly (1401ms)
			LoadAssemblies (151ms)
			RebuildTransferFunctionScriptingTraits (0ms)
			SetupTypeCache (497ms)
			ReleaseScriptCaches (2ms)
			RebuildScriptCaches (91ms)
			SetupLoadedEditorAssemblies (585ms)
				LogAssemblyErrors (0ms)
				InitializePlatformSupportModulesInManaged (7ms)
				SetLoadedEditorAssemblies (1ms)
				RefreshPlugins (2ms)
				BeforeProcessingInitializeOnLoad (129ms)
				ProcessInitializeOnLoadAttributes (402ms)
				ProcessInitializeOnLoadMethodAttributes (39ms)
				AfterProcessingInitializeOnLoad (6ms)
				EditorAssembliesLoaded (0ms)
			ExecutionOrderSort2 (0ms)
			AwakeInstancesAfterBackupRestoration (12ms)
Platform modules already initialized, skipping
Refreshing native plugins compatible for Editor in 3.68 ms, found 3 plugins.
Preloading 0 native plugins for Editor in 0.00 ms.
Unloading 3063 Unused Serialized files (Serialized files now loaded: 0)
Unloading 17 unused Assets / (81.9 KB). Loaded Objects now: 3637.
Memory consumption went from 133.9 MB to 133.9 MB.
Total: 7.724700 ms (FindLiveObjects: 0.639400 ms CreateObjectMapping: 0.464100 ms MarkObjects: 6.408900 ms  DeleteObjects: 0.210300 ms)

AssetImportParameters requested are different than current active one (requested -> active):
  custom:video-decoder-ogg-theora: a1e56fd34408186e4bbccfd4996cb3dc -> 
  custom:container-muxer-webm: aa71ff27fc2769a1b78a27578f13a17b -> 
  custom:container-demuxer-webm: 4f35f7cbe854078d1ac9338744f61a02 -> 
  custom:video-encoder-webm-vp8: eb34c28f22e8b96e1ab97ce403110664 -> 
  custom:audio-encoder-webm-vorbis: bf7c407c2cedff20999df2af8eb42d56 -> 
  custom:framework-win-MediaFoundation: 216162199b28c13a410421893ffa2e32 -> 
  custom:container-demuxer-ogg: 62fdf1f143b41e24485cea50d1cbac27 -> 
  custom:video-decoder-webm-vp8: 9c59270c3fd7afecdb556c50c9e8de78 -> 
  custom:audio-decoder-ogg-vorbis: bf7c407c2cedff20999df2af8eb42d56 -> 
